WARNING: AstropyDeprecationWarning: Config parameter 'default_cosmology' in section [astropy.cosmology.core] is deprecated. Use science state astropy.cosmology.core.default_cosmology instead. [astropy.utils.state]
Fitting:  1RXSJ044154.5-082639
Plotting the fit:  1RXSJ044154.5-082639
Saving the fit:  1RXSJ044154.5-082639
Fitting:  1RXSJ045205.0+493248
Plotting the fit:  1RXSJ045205.0+493248
Saving the fit:  1RXSJ045205.0+493248
Fitting:  2E1739.1-1210
Plotting the fit:  2E1739.1-1210
Saving the fit:  2E1739.1-1210
Fitting:  2MASXJ03502377-5018354
Plotting the fit:  2MASXJ03502377-5018354
Saving the fit:  2MASXJ03502377-5018354
Fitting:  2MASXJ03534246+3714077
Plotting the fit:  2MASXJ03534246+3714077
Saving the fit:  2MASXJ03534246+3714077
Fitting:  2MASXJ04234080+0408017
Plotting the fit:  2MASXJ04234080+0408017
Saving the fit:  2MASXJ04234080+0408017
Fitting:  2MASXJ05054575-2351139
Plotting the fit:  2MASXJ05054575-2351139
Saving the fit:  2MASXJ05054575-2351139
Fitting:  2MASXJ06561197-4919499
Plotting the fit:  2MASXJ06561197-4919499
Saving the fit:  2MASXJ06561197-4919499
Fitting:  2MASXJ09594263-3112581
Plotting the fit:  2MASXJ09594263-3112581
Saving the fit:  2MASXJ09594263-3112581
Fitting:  2MASXJ19380437-5109497
Plotting the fit:  2MASXJ19380437-5109497
Saving the fit:  2MASXJ19380437-5109497
Fitting:  2MASXJ20101740+4800214
Plotting the fit:  2MASXJ20101740+4800214
Saving the fit:  2MASXJ20101740+4800214
Fitting:  2MASXJ21090996-0940147
Plotting the fit:  2MASXJ21090996-0940147
Saving the fit:  2MASXJ21090996-0940147
Fitting:  ARK241
Plotting the fit:  ARK241
Saving the fit:  ARK241
Fitting:  CGCG229-015
Plotting the fit:  CGCG229-015
Saving the fit:  CGCG229-015
Fitting:  CGCG312-012
Plotting the fit:  CGCG312-012
Saving the fit:  CGCG312-012
Fitting:  CGCG367-009
Plotting the fit:  CGCG367-009
Saving the fit:  CGCG367-009
Fitting:  CGCG535-012
Plotting the fit:  CGCG535-012
Saving the fit:  CGCG535-012
Fitting:  ESO031-G008
Plotting the fit:  ESO031-G008
Saving the fit:  ESO031-G008
Fitting:  ESO209-G012
Plotting the fit:  ESO209-G012
Saving the fit:  ESO209-G012
Fitting:  ESO417-G006
Plotting the fit:  ESO417-G006
Saving the fit:  ESO417-G006
Fitting:  IISZ010
Plotting the fit:  IISZ010
Saving the fit:  IISZ010
Fitting:  IRAS04124-0803
Plotting the fit:  IRAS04124-0803
Saving the fit:  IRAS04124-0803
Fitting:  IRAS05218-1212
Plotting the fit:  IRAS05218-1212
Saving the fit:  IRAS05218-1212
Fitting:  IRAS05589+2828
Plotting the fit:  IRAS05589+2828
Saving the fit:  IRAS05589+2828
Fitting:  LCRSB034324.7-394349
Plotting the fit:  LCRSB034324.7-394349
Saving the fit:  LCRSB034324.7-394349
Fitting:  LEDA214543
Plotting the fit:  LEDA214543
Saving the fit:  LEDA214543
Fitting:  MCG-02-08-014
Plotting the fit:  MCG-02-08-014
Saving the fit:  MCG-02-08-014
Fitting:  MCG-02-08-038
Plotting the fit:  MCG-02-08-038
Saving the fit:  MCG-02-08-038
Fitting:  MCG-05-23-016
Plotting the fit:  MCG-05-23-016
Saving the fit:  MCG-05-23-016
Fitting:  MCG-06-30-015
Plotting the fit:  MCG-06-30-015
Saving the fit:  MCG-06-30-015
Fitting:  MCG+06-49-019
Plotting the fit:  MCG+06-49-019
Saving the fit:  MCG+06-49-019
Fitting:  Mrk202
Plotting the fit:  Mrk202
Saving the fit:  Mrk202
Fitting:  Mrk290
Plotting the fit:  Mrk290
Saving the fit:  Mrk290
Fitting:  Mrk335
Plotting the fit:  Mrk335
Saving the fit:  Mrk335
Fitting:  Mrk417
Plotting the fit:  Mrk417
Saving the fit:  Mrk417
Fitting:  Mrk595
Plotting the fit:  Mrk595
Saving the fit:  Mrk595
Fitting:  Mrk704
Plotting the fit:  Mrk704
Saving the fit:  Mrk704
Fitting:  Mrk841
Plotting the fit:  Mrk841
Saving the fit:  Mrk841
Fitting:  NGC1052
Plotting the fit:  NGC1052
Saving the fit:  NGC1052
Fitting:  NGC1125
Plotting the fit:  NGC1125
Saving the fit:  NGC1125
Fitting:  NGC5252
Plotting the fit:  NGC5252
Saving the fit:  NGC5252
Fitting:  UGC10593
Plotting the fit:  UGC10593
Saving the fit:  UGC10593
